org.springframework.dao.DuplicateKeyException: 
### Error updating database.  Cause: com.mysql.jdbc.exceptions.jdbc4.MySQLIntegrityConstraintViolationException: Duplicate entry '2' for key 'PRIMARY'
### The error may involve com.oneapm.atomikos.b.mapper.TblBMapper.insertSelective-Inline
### The error occurred while setting parameters
### SQL: insert into tbl_b      ( b1,                       b2 )       values ( ?,                       ? )
### Cause: com.mysql.jdbc.exceptions.jdbc4.MySQLIntegrityConstraintViolationException: Duplicate entry '2' for key 'PRIMARY'
; SQL []; Duplicate entry '2' for key 'PRIMARY'; nested exception is com.mysql.jdbc.exceptions.jdbc4.MySQLIntegrityConstraintViolationException: Duplicate entry '2' for key 'PRIMARY'
    at org.springframework.jdbc.support.SQLErrorCodeSQLExceptionTranslator.doTranslate(SQLErrorCodeSQLExceptionTranslator.java:245)
    at org.springframework.jdbc.support.AbstractFallbackSQLExceptionTranslator.translate(AbstractFallbackSQLExceptionTranslator.java:72)
    at org.mybatis.spring.MyBatisExceptionTranslator.translateExceptionIfPossible(MyBatisExceptionTranslator.java:73)
    at org.mybatis.spring.SqlSessionTemplate$SqlSessionInterceptor.invoke(SqlSessionTemplate.java:371)
    at com.sun.proxy.$Proxy11.insert(Unknown Source)
    at org.mybatis.spring.SqlSessionTemplate.insert(SqlSessionTemplate.java:240)
    at org.apache.ibatis.binding.MapperMethod.execute(MapperMethod.java:51)
    at org.apache.ibatis.binding.MapperProxy.invoke(MapperProxy.java:52)
    at com.sun.proxy.$Proxy14.insertSelective(Unknown Source)
    at com.oneapm.atomikos.service.OutterService.insertTwoTables(OutterService.java:33)
    at com.oneapm.atomikos.service.OutterService$$FastClassBySpringCGLIB$$48f8ee3b.invoke(<generated>)
    at org.springframework.cglib.proxy.MethodProxy.invoke(MethodProxy.java:204)
    at org.springframework.aop.framework.CglibAopProxy$CglibMethodInvocation.invokeJoinpoint(CglibAopProxy.java:700)
    at org.springframework.aop.framework.ReflectiveMethodInvocation.proceed(ReflectiveMethodInvocation.java:150)
    at org.springframework.transaction.interceptor.TransactionInterceptor$1.proceedWithInvocation(TransactionInterceptor.java:96)
    at org.springframework.transaction.interceptor.TransactionAspectSupport.invokeWithinTransaction(TransactionAspectSupport.java:260)
    at org.springframework.transaction.interceptor.TransactionInterceptor.invoke(TransactionInterceptor.java:94)
    at org.springframework.aop.framework.ReflectiveMethodInvocation.proceed(ReflectiveMethodInvocation.java:172)
    at org.springframework.aop.framework.CglibAopProxy$DynamicAdvisedInterceptor.intercept(CglibAopProxy.java:633)
    at com.oneapm.atomikos.service.OutterService$$EnhancerBySpringCGLIB$$db45662c.insertTwoTables(<generated>)
    at com.oneapm.atomikos.ServiceIT.test_01(ServiceIT.java:24)
    at sun.reflect.NativeMethodAccessorImpl.invoke0(Native Method)
    at sun.reflect.NativeMethodAccessorImpl.invoke(NativeMethodAccessorImpl.java:57)
    at sun.reflect.DelegatingMethodAccessorImpl.invoke(DelegatingMethodAccessorImpl.java:43)
    at java.lang.reflect.Method.invoke(Method.java:606)
    at org.junit.runners.model.FrameworkMethod$1.runReflectiveCall(FrameworkMethod.java:47)
    at org.junit.internal.runners.model.ReflectiveCallable.run(ReflectiveCallable.java:12)
    at org.junit.runners.model.FrameworkMethod.invokeExplosively(FrameworkMethod.java:44)
    at org.junit.internal.runners.statements.InvokeMethod.evaluate(InvokeMethod.java:17)
    at org.springframework.test.context.junit4.statements.RunBeforeTestMethodCallbacks.evaluate(RunBeforeTestMethodCallbacks.java:74)
    at org.springframework.test.context.junit4.statements.RunAfterTestMethodCallbacks.evaluate(RunAfterTestMethodCallbacks.java:83)
    at org.springframework.test.context.junit4.statements.SpringRepeat.evaluate(SpringRepeat.java:72)
    at org.springframework.test.context.junit4.SpringJUnit4ClassRunner.runChild(SpringJUnit4ClassRunner.java:231)
    at org.springframework.test.context.junit4.SpringJUnit4ClassRunner.runChild(SpringJUnit4ClassRunner.java:88)
    at org.junit.runners.ParentRunner$3.run(ParentRunner.java:238)
    at org.junit.runners.ParentRunner$1.schedule(ParentRunner.java:63)
    at org.junit.runners.ParentRunner.runChildren(ParentRunner.java:236)
    at org.junit.runners.ParentRunner.access$000(ParentRunner.java:53)
    at org.junit.runners.ParentRunner$2.evaluate(ParentRunner.java:229)
    at org.springframework.test.context.junit4.statements.RunBeforeTestClassCallbacks.evaluate(RunBeforeTestClassCallbacks.java:61)
    at org.springframework.test.context.junit4.statements.RunAfterTestClassCallbacks.evaluate(RunAfterTestClassCallbacks.java:71)
    at org.junit.runners.ParentRunner.run(ParentRunner.java:309)
    at org.springframework.test.context.junit4.SpringJUnit4ClassRunner.run(SpringJUnit4ClassRunner.java:174)
    at org.eclipse.jdt.internal.junit4.runner.JUnit4TestReference.run(JUnit4TestReference.java:50)
    at org.eclipse.jdt.internal.junit.runner.TestExecution.run(TestExecution.java:38)
    at org.eclipse.jdt.internal.junit.runner.RemoteTestRunner.runTests(RemoteTestRunner.java:459)
    at org.eclipse.jdt.internal.junit.runner.RemoteTestRunner.runTests(RemoteTestRunner.java:675)
    at org.eclipse.jdt.internal.junit.runner.RemoteTestRunner.run(RemoteTestRunner.java:382)
    at org.eclipse.jdt.internal.junit.runner.RemoteTestRunner.main(RemoteTestRunner.java:192)
Caused by: com.mysql.jdbc.exceptions.jdbc4.MySQLIntegrityConstraintViolationException: Duplicate entry '2' for key 'PRIMARY'
    at sun.reflect.NativeConstructorAccessorImpl.newInstance0(Native Method)
    at sun.reflect.NativeConstructorAccessorImpl.newInstance(NativeConstructorAccessorImpl.java:57)
    at sun.reflect.DelegatingConstructorAccessorImpl.newInstance(DelegatingConstructorAccessorImpl.java:45)
    at java.lang.reflect.Constructor.newInstance(Constructor.java:526)
    at com.mysql.jdbc.Util.handleNewInstance(Util.java:377)
    at com.mysql.jdbc.Util.getInstance(Util.java:360)
    at com.mysql.jdbc.SQLError.createSQLException(SQLError.java:971)
    at com.mysql.jdbc.MysqlIO.checkErrorPacket(MysqlIO.java:3887)
    at com.mysql.jdbc.MysqlIO.checkErrorPacket(MysqlIO.java:3823)
    at com.mysql.jdbc.MysqlIO.sendCommand(MysqlIO.java:2435)
    at com.mysql.jdbc.MysqlIO.sqlQueryDirect(MysqlIO.java:2582)
    at com.mysql.jdbc.ConnectionImpl.execSQL(ConnectionImpl.java:2530)
    at com.mysql.jdbc.PreparedStatement.executeInternal(PreparedStatement.java:1907)
    at com.mysql.jdbc.PreparedStatement.execute(PreparedStatement.java:1199)
    at com.mysql.jdbc.jdbc2.optional.PreparedStatementWrapper.execute(PreparedStatementWrapper.java:680)
    at org.apache.ibatis.executor.statement.PreparedStatementHandler.update(PreparedStatementHandler.java:44)
    at org.apache.ibatis.executor.statement.RoutingStatementHandler.update(RoutingStatementHandler.java:69)
    at org.apache.ibatis.executor.SimpleExecutor.doUpdate(SimpleExecutor.java:48)
    at org.apache.ibatis.executor.BaseExecutor.update(BaseExecutor.java:105)
    at org.apache.ibatis.executor.CachingExecutor.update(CachingExecutor.java:71)
    at org.apache.ibatis.session.defaults.DefaultSqlSession.update(DefaultSqlSession.java:152)
    at org.apache.ibatis.session.defaults.DefaultSqlSession.insert(DefaultSqlSession.java:141)
    at sun.reflect.NativeMethodAccessorImpl.invoke0(Native Method)
    at sun.reflect.NativeMethodAccessorImpl.invoke(NativeMethodAccessorImpl.java:57)
    at sun.reflect.DelegatingMethodAccessorImpl.invoke(DelegatingMethodAccessorImpl.java:43)
    at java.lang.reflect.Method.invoke(Method.java:606)
    at org.mybatis.spring.SqlSessionTemplate$SqlSessionInterceptor.invoke(SqlSessionTemplate.java:358)
    ... 45 more

